Flow report for EPT_570_AP_M4_Top
Tue Mar 24 16:39:45 2015
Quartus II 64-Bit Version 13.1.0 Build 162 10/23/2013 SJ Web Edition


---------------------
; Table of Contents ;
---------------------
  1. Legal Notice
  2. Flow Summary
  3. Flow Settings
  4. Flow Non-Default Global Settings
  5. Flow Elapsed Time
  6. Flow OS Summary
  7. Flow Log
  8. Flow Messages
  9. Flow Suppressed Messages



----------------
; Legal Notice ;
----------------
Copyright (C) 1991-2013 Altera Corporation
Your use of Altera Corporation's design tools, logic functions 
and other software and tools, and its AMPP partner logic 
functions, and any output files from any of the foregoing 
(including device programming or simulation files), and any 
associated documentation or information are expressly subject 
to the terms and conditions of the Altera Program License 
Subscription Agreement, Altera MegaCore Function License 
Agreement, or other applicable license agreement, including, 
without limitation, that your use is for the sole purpose of 
programming logic devices manufactured by Altera and sold by 
Altera or its authorized distributors.  Please refer to the 
applicable agreement for further details.



+------------------------------------------------------------------------+
; Flow Summary                                                           ;
+---------------------------+--------------------------------------------+
; Flow Status               ; Successful - Tue Mar 24 16:39:41 2015      ;
; Quartus II 64-Bit Version ; 13.1.0 Build 162 10/23/2013 SJ Web Edition ;
; Revision Name             ; EPT_570_AP_M4_Top                          ;
; Top-level Entity Name     ; EPT_570_AP_M4_Top                          ;
; Family                    ; MAX II                                     ;
; Device                    ; EPM570T100C5                               ;
; Timing Models             ; Final                                      ;
; Total logic elements      ; 283 / 570 ( 50 % )                         ;
; Total pins                ; 61 / 76 ( 80 % )                           ;
; Total virtual pins        ; 0                                          ;
; UFM blocks                ; 0 / 1 ( 0 % )                              ;
+---------------------------+--------------------------------------------+


+-----------------------------------------+
; Flow Settings                           ;
+-------------------+---------------------+
; Option            ; Setting             ;
+-------------------+---------------------+
; Start date & time ; 03/24/2015 16:39:34 ;
; Main task         ; Compilation         ;
; Revision Name     ; EPT_570_AP_M4_Top   ;
+-------------------+---------------------+


+---------------------------------------------------------------------------------------------------------------------------------------------------------------------------------------------------+
; Flow Non-Default Global Settings                                                                                                                                                                  ;
+---------------------------------------+----------------------------------------------------------------------------------------------------------------+---------------+-------------+------------+
; Assignment Name                       ; Value                                                                                                          ; Default Value ; Entity Name ; Section Id ;
+---------------------------------------+----------------------------------------------------------------------------------------------------------------+---------------+-------------+------------+
; COMPILER_SIGNATURE_ID                 ; 212039890812950.142724037307072                                                                                ; --            ; --          ; --         ;
; MAX_CORE_JUNCTION_TEMP                ; 85                                                                                                             ; --            ; --          ; --         ;
; MIN_CORE_JUNCTION_TEMP                ; 0                                                                                                              ; --            ; --          ; --         ;
; MISC_FILE                             ; C:/Jolly/Code_FPGA/EPT_570_AP_Data_Collector/EPT_570_AP_Data_Collector/EPT_570_AP_M4_Top/EPT_570_AP_M4_Top.dpf ; --            ; --          ; --         ;
; POWER_EXT_SUPPLY_VOLTAGE_TO_REGULATOR ; 3.3V                                                                                                           ; --            ; --          ; --         ;
+---------------------------------------+----------------------------------------------------------------------------------------------------------------+---------------+-------------+------------+


+-------------------------------------------------------------------------------------------------------------------------------+
; Flow Elapsed Time                                                                                                             ;
+---------------------------+--------------+-------------------------+---------------------+------------------------------------+
; Module Name               ; Elapsed Time ; Average Processors Used ; Peak Virtual Memory ; Total CPU Time (on all processors) ;
+---------------------------+--------------+-------------------------+---------------------+------------------------------------+
; Analysis & Synthesis      ; 00:00:02     ; 1.0                     ; 474 MB              ; 00:00:01                           ;
; Fitter                    ; 00:00:03     ; 1.0                     ; 798 MB              ; 00:00:03                           ;
; Assembler                 ; 00:00:00     ; 1.0                     ; 437 MB              ; 00:00:01                           ;
; TimeQuest Timing Analyzer ; 00:00:02     ; 1.0                     ; 446 MB              ; 00:00:02                           ;
; Total                     ; 00:00:07     ; --                      ; --                  ; 00:00:07                           ;
+---------------------------+--------------+-------------------------+---------------------+------------------------------------+


+----------------------------------------------------------------------------------------+
; Flow OS Summary                                                                        ;
+---------------------------+------------------+-----------+------------+----------------+
; Module Name               ; Machine Hostname ; OS Name   ; OS Version ; Processor type ;
+---------------------------+------------------+-----------+------------+----------------+
; Analysis & Synthesis      ; Toshiba-i5       ; Windows 7 ; 6.2        ; x86_64         ;
; Fitter                    ; Toshiba-i5       ; Windows 7 ; 6.2        ; x86_64         ;
; Assembler                 ; Toshiba-i5       ; Windows 7 ; 6.2        ; x86_64         ;
; TimeQuest Timing Analyzer ; Toshiba-i5       ; Windows 7 ; 6.2        ; x86_64         ;
+---------------------------+------------------+-----------+------------+----------------+


------------
; Flow Log ;
------------
quartus_map --read_settings_files=on --write_settings_files=off EPT_570_AP_M4_Top -c EPT_570_AP_M4_Top
quartus_fit --read_settings_files=off --write_settings_files=off EPT_570_AP_M4_Top -c EPT_570_AP_M4_Top
quartus_asm --read_settings_files=off --write_settings_files=off EPT_570_AP_M4_Top -c EPT_570_AP_M4_Top
quartus_sta EPT_570_AP_M4_Top -c EPT_570_AP_M4_Top



