Analysis & Synthesis report for EPT_570_AP_M4_Top
Tue Mar 24 16:39:35 2015
Quartus II 64-Bit Version 13.1.0 Build 162 10/23/2013 SJ Web Edition


---------------------
; Table of Contents ;
---------------------
  1. Legal Notice
  2. Analysis & Synthesis Summary
  3. Analysis & Synthesis Settings
  4. Parallel Compilation
  5. Analysis & Synthesis Source Files Read
  6. Analysis & Synthesis Resource Usage Summary
  7. Analysis & Synthesis Resource Utilization by Entity
  8. State Machine - |EPT_570_AP_M4_Top|transfer_control_state
  9. User-Specified and Inferred Latches
 10. Logic Cells Representing Combinational Loops
 11. Registers Removed During Synthesis
 12. General Register Statistics
 13. Multiplexer Restructuring Statistics (Restructuring Performed)
 14. Parameter Settings for User Entity Instance: Top-level Entity: |EPT_570_AP_M4_Top
 15. Parameter Settings for User Entity Instance: eptWireOR:wireOR
 16. Analysis & Synthesis Messages
 17. Analysis & Synthesis Suppressed Messages



----------------
; Legal Notice ;
----------------
Copyright (C) 1991-2013 Altera Corporation
Your use of Altera Corporation's design tools, logic functions 
and other software and tools, and its AMPP partner logic 
functions, and any output files from any of the foregoing 
(including device programming or simulation files), and any 
associated documentation or information are expressly subject 
to the terms and conditions of the Altera Program License 
Subscription Agreement, Altera MegaCore Function License 
Agreement, or other applicable license agreement, including, 
without limitation, that your use is for the sole purpose of 
programming logic devices manufactured by Altera and sold by 
Altera or its authorized distributors.  Please refer to the 
applicable agreement for further details.



+--------------------------------------------------------------------------+
; Analysis & Synthesis Summary                                             ;
+-----------------------------+--------------------------------------------+
; Analysis & Synthesis Status ; Successful - Tue Mar 24 16:39:35 2015      ;
; Quartus II 64-Bit Version   ; 13.1.0 Build 162 10/23/2013 SJ Web Edition ;
; Revision Name               ; EPT_570_AP_M4_Top                          ;
; Top-level Entity Name       ; EPT_570_AP_M4_Top                          ;
; Family                      ; MAX II                                     ;
; Total logic elements        ; 304                                        ;
; Total pins                  ; 61                                         ;
; Total virtual pins          ; 0                                          ;
; UFM blocks                  ; 0 / 1 ( 0 % )                              ;
+-----------------------------+--------------------------------------------+


+----------------------------------------------------------------------------------------------------------------------+
; Analysis & Synthesis Settings                                                                                        ;
+----------------------------------------------------------------------------+--------------------+--------------------+
; Option                                                                     ; Setting            ; Default Value      ;
+----------------------------------------------------------------------------+--------------------+--------------------+
; Device                                                                     ; EPM570T100C5       ;                    ;
; Top-level entity name                                                      ; EPT_570_AP_M4_Top  ; EPT_570_AP_M4_Top  ;
; Family name                                                                ; MAX II             ; Cyclone IV GX      ;
; Use smart compilation                                                      ; Off                ; Off                ;
; Enable parallel Assembler and TimeQuest Timing Analyzer during compilation ; On                 ; On                 ;
; Enable compact report table                                                ; Off                ; Off                ;
; Restructure Multiplexers                                                   ; Auto               ; Auto               ;
; Create Debugging Nodes for IP Cores                                        ; Off                ; Off                ;
; Preserve fewer node names                                                  ; On                 ; On                 ;
; Disable OpenCore Plus hardware evaluation                                  ; Off                ; Off                ;
; Verilog Version                                                            ; Verilog_2001       ; Verilog_2001       ;
; VHDL Version                                                               ; VHDL_1993          ; VHDL_1993          ;
; State Machine Processing                                                   ; Auto               ; Auto               ;
; Safe State Machine                                                         ; Off                ; Off                ;
; Extract Verilog State Machines                                             ; On                 ; On                 ;
; Extract VHDL State Machines                                                ; On                 ; On                 ;
; Ignore Verilog initial constructs                                          ; Off                ; Off                ;
; Iteration limit for constant Verilog loops                                 ; 5000               ; 5000               ;
; Iteration limit for non-constant Verilog loops                             ; 250                ; 250                ;
; Add Pass-Through Logic to Inferred RAMs                                    ; On                 ; On                 ;
; Infer RAMs from Raw Logic                                                  ; On                 ; On                 ;
; Parallel Synthesis                                                         ; On                 ; On                 ;
; NOT Gate Push-Back                                                         ; On                 ; On                 ;
; Power-Up Don't Care                                                        ; On                 ; On                 ;
; Remove Redundant Logic Cells                                               ; Off                ; Off                ;
; Remove Duplicate Registers                                                 ; On                 ; On                 ;
; Ignore CARRY Buffers                                                       ; Off                ; Off                ;
; Ignore CASCADE Buffers                                                     ; Off                ; Off                ;
; Ignore GLOBAL Buffers                                                      ; Off                ; Off                ;
; Ignore ROW GLOBAL Buffers                                                  ; Off                ; Off                ;
; Ignore LCELL Buffers                                                       ; Off                ; Off                ;
; Ignore SOFT Buffers                                                        ; On                 ; On                 ;
; Limit AHDL Integers to 32 Bits                                             ; Off                ; Off                ;
; Optimization Technique                                                     ; Balanced           ; Balanced           ;
; Carry Chain Length                                                         ; 70                 ; 70                 ;
; Auto Carry Chains                                                          ; On                 ; On                 ;
; Auto Open-Drain Pins                                                       ; On                 ; On                 ;
; Perform WYSIWYG Primitive Resynthesis                                      ; Off                ; Off                ;
; Auto Shift Register Replacement                                            ; Auto               ; Auto               ;
; Allow Shift Register Merging across Hierarchies                            ; Auto               ; Auto               ;
; Auto Clock Enable Replacement                                              ; On                 ; On                 ;
; Allow Synchronous Control Signals                                          ; On                 ; On                 ;
; Force Use of Synchronous Clear Signals                                     ; Off                ; Off                ;
; Auto Resource Sharing                                                      ; Off                ; Off                ;
; Use LogicLock Constraints during Resource Balancing                        ; On                 ; On                 ;
; Ignore translate_off and synthesis_off directives                          ; Off                ; Off                ;
; Report Parameter Settings                                                  ; On                 ; On                 ;
; Report Source Assignments                                                  ; On                 ; On                 ;
; Report Connectivity Checks                                                 ; On                 ; On                 ;
; Ignore Maximum Fan-Out Assignments                                         ; Off                ; Off                ;
; Synchronization Register Chain Length                                      ; 2                  ; 2                  ;
; PowerPlay Power Optimization                                               ; Normal compilation ; Normal compilation ;
; HDL message level                                                          ; Level2             ; Level2             ;
; Suppress Register Optimization Related Messages                            ; Off                ; Off                ;
; Number of Removed Registers Reported in Synthesis Report                   ; 5000               ; 5000               ;
; Number of Swept Nodes Reported in Synthesis Report                         ; 5000               ; 5000               ;
; Number of Inverted Registers Reported in Synthesis Report                  ; 100                ; 100                ;
; Clock MUX Protection                                                       ; On                 ; On                 ;
; Block Design Naming                                                        ; Auto               ; Auto               ;
; Synthesis Effort                                                           ; Auto               ; Auto               ;
; Shift Register Replacement - Allow Asynchronous Clear Signal               ; On                 ; On                 ;
; Pre-Mapping Resynthesis Optimization                                       ; Off                ; Off                ;
; Analysis & Synthesis Message Level                                         ; Medium             ; Medium             ;
; Disable Register Merging Across Hierarchies                                ; Auto               ; Auto               ;
; Synthesis Seed                                                             ; 1                  ; 1                  ;
+----------------------------------------------------------------------------+--------------------+--------------------+


+------------------------------------------+
; Parallel Compilation                     ;
+----------------------------+-------------+
; Processors                 ; Number      ;
+----------------------------+-------------+
; Number detected on machine ; 4           ;
; Maximum allowed            ; 2           ;
;                            ;             ;
; Average used               ; 1.00        ;
; Maximum used               ; 1           ;
;                            ;             ;
; Usage by Processor         ; % Time Used ;
;     Processor 1            ; 100.0%      ;
;     Processors 2-4         ;   0.0%      ;
+----------------------------+-------------+


+------------------------------------------------------------------------------------------------------------------------------------------------------------------------------------------------------------------------------------------------------------------------------------------------------------------------------+
; Analysis & Synthesis Source Files Read                                                                                                                                                                                                                                                                                       ;
+------------------------------------+-----------------+------------------------------------+------------------------------------------------------------------------------------------------------------------------------------------------------------------------------------------------------------------------+---------+
; File Name with User-Entered Path   ; Used in Netlist ; File Type                          ; File Name with Absolute Path                                                                                                                                                                                           ; Library ;
+------------------------------------+-----------------+------------------------------------+------------------------------------------------------------------------------------------------------------------------------------------------------------------------------------------------------------------------+---------+
; ../src/eptWireOR.v                 ; yes             ; User Verilog HDL File              ; C:/Jolly/Business Opportunities/Earth People Technology/EPT Products/EPT USB-CPLD Development System/Projects Folder/MEGAPROLOGIC_USB_CPLD_PROJECT_DVD/Projects_HDL/EPT_Data_Collector/src/eptWireOR.v                 ;         ;
; ../src/EPT_570_AP_M4_Top.v         ; yes             ; User Verilog HDL File              ; C:/Jolly/Business Opportunities/Earth People Technology/EPT Products/EPT USB-CPLD Development System/Projects Folder/MEGAPROLOGIC_USB_CPLD_PROJECT_DVD/Projects_HDL/EPT_Data_Collector/src/EPT_570_AP_M4_Top.v         ;         ;
; ../src/active_trigger.vqm          ; yes             ; User Verilog Quartus Mapping File  ; C:/Jolly/Business Opportunities/Earth People Technology/EPT Products/EPT USB-CPLD Development System/Projects Folder/MEGAPROLOGIC_USB_CPLD_PROJECT_DVD/Projects_HDL/EPT_Data_Collector/src/active_trigger.vqm          ;         ;
; ../src/active_transfer_library.vqm ; yes             ; User Verilog Quartus Mapping File  ; C:/Jolly/Business Opportunities/Earth People Technology/EPT Products/EPT USB-CPLD Development System/Projects Folder/MEGAPROLOGIC_USB_CPLD_PROJECT_DVD/Projects_HDL/EPT_Data_Collector/src/active_transfer_library.vqm ;         ;
; ../src/active_transfer.vqm         ; yes             ; User Verilog Quartus Mapping File  ; C:/Jolly/Business Opportunities/Earth People Technology/EPT Products/EPT USB-CPLD Development System/Projects Folder/MEGAPROLOGIC_USB_CPLD_PROJECT_DVD/Projects_HDL/EPT_Data_Collector/src/active_transfer.vqm         ;         ;
+------------------------------------+-----------------+------------------------------------+------------------------------------------------------------------------------------------------------------------------------------------------------------------------------------------------------------------------+---------+


+-----------------------------------------------------+
; Analysis & Synthesis Resource Usage Summary         ;
+---------------------------------------------+-------+
; Resource                                    ; Usage ;
+---------------------------------------------+-------+
; Total logic elements                        ; 304   ;
;     -- Combinational with no register       ; 132   ;
;     -- Register only                        ; 39    ;
;     -- Combinational with a register        ; 133   ;
;                                             ;       ;
; Logic element usage by number of LUT inputs ;       ;
;     -- 4 input functions                    ; 76    ;
;     -- 3 input functions                    ; 60    ;
;     -- 2 input functions                    ; 109   ;
;     -- 1 input functions                    ; 15    ;
;     -- 0 input functions                    ; 3     ;
;                                             ;       ;
; Logic elements by mode                      ;       ;
;     -- normal mode                          ; 263   ;
;     -- arithmetic mode                      ; 41    ;
;     -- qfbk mode                            ; 25    ;
;     -- register cascade mode                ; 0     ;
;     -- synchronous clear/load mode          ; 56    ;
;     -- asynchronous clear/load mode         ; 163   ;
;                                             ;       ;
; Total registers                             ; 172   ;
; Total logic cells in carry chains           ; 47    ;
; I/O pins                                    ; 61    ;
; Maximum fan-out node                        ; aa[1] ;
; Maximum fan-out                             ; 172   ;
; Total fan-out                               ; 1254  ;
; Average fan-out                             ; 3.44  ;
+---------------------------------------------+-------+


+--------------------------------------------------------------------------------------------------------------------------------------------------------------------------------------------------------------------------------------------------------------------------------------------------------------------------------------------------------+
; Analysis & Synthesis Resource Utilization by Entity                                                                                                                                                                                                                                                                                                    ;
+-----------------------------------------------------------+-------------+--------------+------------+------+--------------+--------------+-------------------+------------------+-----------------+------------+------------------------------------------------------------------------------------------------------------------------+--------------+
; Compilation Hierarchy Node                                ; Logic Cells ; LC Registers ; UFM Blocks ; Pins ; Virtual Pins ; LUT-Only LCs ; Register-Only LCs ; LUT/Register LCs ; Carry Chain LCs ; Packed LCs ; Full Hierarchy Name                                                                                                    ; Library Name ;
+-----------------------------------------------------------+-------------+--------------+------------+------+--------------+--------------+-------------------+------------------+-----------------+------------+------------------------------------------------------------------------------------------------------------------------+--------------+
; |EPT_570_AP_M4_Top                                        ; 304 (66)    ; 172          ; 0          ; 61   ; 0            ; 132 (21)     ; 38 (8)            ; 134 (37)         ; 47 (11)         ; 24 (0)     ; |EPT_570_AP_M4_Top                                                                                                     ; work         ;
;    |active_transfer:ACTIVE_TRANSFER_INST|                 ; 34 (34)     ; 20           ; 0          ; 0    ; 0            ; 14 (14)      ; 9 (9)             ; 11 (11)          ; 4 (4)           ; 2 (2)      ; |EPT_570_AP_M4_Top|active_transfer:ACTIVE_TRANSFER_INST                                                                ; work         ;
;    |active_transfer_library:ACTIVE_TRANSFER_LIBRARY_INST| ; 181 (0)     ; 97           ; 0          ; 8    ; 0            ; 84 (0)       ; 17 (0)            ; 80 (0)           ; 32 (0)          ; 17 (0)     ; |EPT_570_AP_M4_Top|active_transfer_library:ACTIVE_TRANSFER_LIBRARY_INST                                                ; work         ;
;       |endpoint_registers:ENDPOINT_REGISTERS_INST|        ; 151 (151)   ; 83           ; 0          ; 0    ; 0            ; 68 (68)      ; 17 (17)           ; 66 (66)          ; 32 (32)         ; 17 (17)    ; |EPT_570_AP_M4_Top|active_transfer_library:ACTIVE_TRANSFER_LIBRARY_INST|endpoint_registers:ENDPOINT_REGISTERS_INST     ;              ;
;       |ft_245_state_machine:FT_245_STATE_MACHINE_INST|    ; 30 (30)     ; 14           ; 0          ; 0    ; 0            ; 16 (16)      ; 0 (0)             ; 14 (14)          ; 0 (0)           ; 0 (0)      ; |EPT_570_AP_M4_Top|active_transfer_library:ACTIVE_TRANSFER_LIBRARY_INST|ft_245_state_machine:FT_245_STATE_MACHINE_INST ;              ;
;    |active_trigger:ACTIVE_TRIGGER_INST|                   ; 20 (20)     ; 10           ; 0          ; 0    ; 0            ; 10 (10)      ; 4 (4)             ; 6 (6)            ; 0 (0)           ; 5 (5)      ; |EPT_570_AP_M4_Top|active_trigger:ACTIVE_TRIGGER_INST                                                                  ; work         ;
;    |eptWireOR:wireOR|                                     ; 3 (3)       ; 0            ; 0          ; 0    ; 0            ; 3 (3)        ; 0 (0)             ; 0 (0)            ; 0 (0)           ; 0 (0)      ; |EPT_570_AP_M4_Top|eptWireOR:wireOR                                                                                    ; work         ;
+-----------------------------------------------------------+-------------+--------------+------------+------+--------------+--------------+-------------------+------------------+-----------------+------------+------------------------------------------------------------------------------------------------------------------------+--------------+
Note: For table entries with two numbers listed, the numbers in parentheses indicate the number of resources of the given type used by the specific entity alone. The numbers listed outside of parentheses indicate the total resources of the given type used by the specific entity and all of its sub-entities in the hierarchy.


Encoding Type:  One-Hot
+---------------------------------------------------------------------------------------------------------------------------------------------------------------------------------------------------------------------------------------------------------------------------------------+
; State Machine - |EPT_570_AP_M4_Top|transfer_control_state                                                                                                                                                                                                                             ;
+----------------------------------------------+---------------------------------------------+----------------------------------------------+----------------------------------------------+----------------------------------------------+---------------------------------------------+
; Name                                         ; transfer_control_state.TRANSFER_DECODE_BYTE ; transfer_control_state.TRANSFER_CONTROL_HDR2 ; transfer_control_state.TRANSFER_CONTROL_HDR1 ; transfer_control_state.TRANSFER_CONTROL_IDLE ; transfer_control_state.TRANSFER_CONTROL_SET ;
+----------------------------------------------+---------------------------------------------+----------------------------------------------+----------------------------------------------+----------------------------------------------+---------------------------------------------+
; transfer_control_state.TRANSFER_CONTROL_IDLE ; 0                                           ; 0                                            ; 0                                            ; 0                                            ; 0                                           ;
; transfer_control_state.TRANSFER_CONTROL_HDR1 ; 0                                           ; 0                                            ; 1                                            ; 1                                            ; 0                                           ;
; transfer_control_state.TRANSFER_CONTROL_HDR2 ; 0                                           ; 1                                            ; 0                                            ; 1                                            ; 0                                           ;
; transfer_control_state.TRANSFER_DECODE_BYTE  ; 1                                           ; 0                                            ; 0                                            ; 1                                            ; 0                                           ;
; transfer_control_state.TRANSFER_CONTROL_SET  ; 0                                           ; 0                                            ; 0                                            ; 1                                            ; 1                                           ;
+----------------------------------------------+---------------------------------------------+----------------------------------------------+----------------------------------------------+----------------------------------------------+---------------------------------------------+


+---------------------------------------------------------------------------------------------------+
; User-Specified and Inferred Latches                                                               ;
+----------------------------------------------------+---------------------+------------------------+
; Latch Name                                         ; Latch Enable Signal ; Free of Timing Hazards ;
+----------------------------------------------------+---------------------+------------------------+
; LED[0]_749                                         ; Decoder0            ; yes                    ;
; LED[1]_763                                         ; Decoder0            ; yes                    ;
; LED[2]_777                                         ; Decoder0            ; yes                    ;
; Number of user-specified and inferred latches = 3  ;                     ;                        ;
+----------------------------------------------------+---------------------+------------------------+
Note: All latches listed above may not be present at the end of synthesis due to various synthesis optimizations.


+---------------------------------------------------------------------------------------------------------------------------------+
; Logic Cells Representing Combinational Loops                                                                                    ;
+----------------------------------------------------------------------------------------------------------------------------+----+
; Logic Cell Name                                                                                                            ;    ;
+----------------------------------------------------------------------------------------------------------------------------+----+
; active_transfer_library:ACTIVE_TRANSFER_LIBRARY_INST|ft_245_state_machine:FT_245_STATE_MACHINE_INST|USB_RD_N~1             ;    ;
; active_transfer_library:ACTIVE_TRANSFER_LIBRARY_INST|ft_245_state_machine:FT_245_STATE_MACHINE_INST|DATA_BYTE_READY        ;    ;
; active_transfer_library:ACTIVE_TRANSFER_LIBRARY_INST|ft_245_state_machine:FT_245_STATE_MACHINE_INST|USB_REGISTER_DECODE[0] ;    ;
; active_transfer_library:ACTIVE_TRANSFER_LIBRARY_INST|ft_245_state_machine:FT_245_STATE_MACHINE_INST|USB_REGISTER_DECODE[1] ;    ;
; active_transfer_library:ACTIVE_TRANSFER_LIBRARY_INST|ft_245_state_machine:FT_245_STATE_MACHINE_INST|USB_REGISTER_DECODE[2] ;    ;
; active_transfer_library:ACTIVE_TRANSFER_LIBRARY_INST|ft_245_state_machine:FT_245_STATE_MACHINE_INST|USB_REGISTER_DECODE[3] ;    ;
; active_transfer_library:ACTIVE_TRANSFER_LIBRARY_INST|ft_245_state_machine:FT_245_STATE_MACHINE_INST|USB_REGISTER_DECODE[7] ;    ;
; active_transfer_library:ACTIVE_TRANSFER_LIBRARY_INST|ft_245_state_machine:FT_245_STATE_MACHINE_INST|USB_REGISTER_DECODE[6] ;    ;
; active_transfer_library:ACTIVE_TRANSFER_LIBRARY_INST|ft_245_state_machine:FT_245_STATE_MACHINE_INST|USB_REGISTER_DECODE[4] ;    ;
; active_transfer_library:ACTIVE_TRANSFER_LIBRARY_INST|ft_245_state_machine:FT_245_STATE_MACHINE_INST|USB_REGISTER_DECODE[5] ;    ;
; Number of logic cells representing combinational loops                                                                     ; 10 ;
+----------------------------------------------------------------------------------------------------------------------------+----+
Note: All cells listed above may not be present at the end of synthesis due to various synthesis optimizations.


+-------------------------------------------------------------------------------------------------------------------------------------------------------------------+
; Registers Removed During Synthesis                                                                                                                                ;
+--------------------------------------------------------------------------------------------------------------------------+----------------------------------------+
; Register name                                                                                                            ; Reason for Removal                     ;
+--------------------------------------------------------------------------------------------------------------------------+----------------------------------------+
; trigger_out[3..7]                                                                                                        ; Stuck at GND due to stuck port data_in ;
; LB_BYTE_D[7]~reg0                                                                                                        ; Stuck at GND due to stuck port data_in ;
; LB_BYTE_D[6]~reg0                                                                                                        ; Stuck at GND due to stuck port data_in ;
; LB_BYTE_D[5]~reg0                                                                                                        ; Stuck at GND due to stuck port data_in ;
; LB_BYTE_D[4]~reg0                                                                                                        ; Stuck at GND due to stuck port data_in ;
; LB_BYTE_D[3]~reg0                                                                                                        ; Stuck at GND due to stuck port data_in ;
; LB_BYTE_D[2]~reg0                                                                                                        ; Stuck at GND due to stuck port data_in ;
; LB_BYTE_D[1]~reg0                                                                                                        ; Stuck at GND due to stuck port data_in ;
; active_transfer_library:ACTIVE_TRANSFER_LIBRARY_INST|endpoint_registers:ENDPOINT_REGISTERS_INST|length_from_device[0..7] ; Stuck at GND due to stuck port reg_out ;
; active_transfer_library:ACTIVE_TRANSFER_LIBRARY_INST|endpoint_registers:ENDPOINT_REGISTERS_INST|address_from_device[0,2] ; Stuck at GND due to stuck port reg_out ;
; TR_DIR_4~reg0                                                                                                            ; Stuck at GND due to stuck port data_in ;
; transfer_control_state~4                                                                                                 ; Lost fanout                            ;
; transfer_control_state~5                                                                                                 ; Lost fanout                            ;
; transfer_control_state~7                                                                                                 ; Lost fanout                            ;
; Total Number of Removed Registers = 26                                                                                   ;                                        ;
+--------------------------------------------------------------------------------------------------------------------------+----------------------------------------+


+------------------------------------------------------+
; General Register Statistics                          ;
+----------------------------------------------+-------+
; Statistic                                    ; Value ;
+----------------------------------------------+-------+
; Total registers                              ; 172   ;
; Number of registers using Synchronous Clear  ; 13    ;
; Number of registers using Synchronous Load   ; 6     ;
; Number of registers using Asynchronous Clear ; 155   ;
; Number of registers using Asynchronous Load  ; 8     ;
; Number of registers using Clock Enable       ; 107   ;
; Number of registers using Preset             ; 0     ;
+----------------------------------------------+-------+


+---------------------------------------------------------------------------------------------------------------------------------------------------------+
; Multiplexer Restructuring Statistics (Restructuring Performed)                                                                                          ;
+--------------------+-----------+---------------+----------------------+------------------------+------------+-------------------------------------------+
; Multiplexer Inputs ; Bus Width ; Baseline Area ; Area if Restructured ; Saving if Restructured ; Registered ; Example Multiplexer Output                ;
+--------------------+-----------+---------------+----------------------+------------------------+------------+-------------------------------------------+
; 4:1                ; 8 bits    ; 16 LEs        ; 8 LEs                ; 8 LEs                  ; Yes        ; |EPT_570_AP_M4_Top|transfer_write_byte[0] ;
+--------------------+-----------+---------------+----------------------+------------------------+------------+-------------------------------------------+


+-----------------------------------------------------------------------------------+
; Parameter Settings for User Entity Instance: Top-level Entity: |EPT_570_AP_M4_Top ;
+------------------------+--------------+-------------------------------------------+
; Parameter Name         ; Value        ; Type                                      ;
+------------------------+--------------+-------------------------------------------+
; TRANSFER_CONTROL_BYTE1 ; 01011010     ; Unsigned Binary                           ;
; TRANSFER_CONTROL_BYTE2 ; 11000011     ; Unsigned Binary                           ;
; TRANSFER_CONTROL_BYTE3 ; 01111110     ; Unsigned Binary                           ;
; TRANSFER_CONTROL_IDLE  ; 0            ; Signed Integer                            ;
; TRANSFER_CONTROL_HDR1  ; 1            ; Signed Integer                            ;
; TRANSFER_CONTROL_HDR2  ; 2            ; Signed Integer                            ;
; TRANSFER_DECODE_BYTE   ; 3            ; Signed Integer                            ;
; TRANSFER_CONTROL_SET   ; 4            ; Signed Integer                            ;
; GLOBAL_RESET_COUNT     ; 100111001000 ; Unsigned Binary                           ;
+------------------------+--------------+-------------------------------------------+
Note: In order to hide this table in the UI and the text report file, please set the "Show Parameter Settings in Synthesis Report" option in "Analysis and Synthesis Settings -> More Settings" to "Off".


+---------------------------------------------------------------+
; Parameter Settings for User Entity Instance: eptWireOR:wireOR ;
+----------------+-------+--------------------------------------+
; Parameter Name ; Value ; Type                                 ;
+----------------+-------+--------------------------------------+
; N              ; 2     ; Signed Integer                       ;
+----------------+-------+--------------------------------------+
Note: In order to hide this table in the UI and the text report file, please set the "Show Parameter Settings in Synthesis Report" option in "Analysis and Synthesis Settings -> More Settings" to "Off".


+-------------------------------+
; Analysis & Synthesis Messages ;
+-------------------------------+
Info: *******************************************************************
Info: Running Quartus II 64-Bit Analysis & Synthesis
    Info: Version 13.1.0 Build 162 10/23/2013 SJ Web Edition
    Info: Processing started: Tue Mar 24 16:39:33 2015
Info: Command: quartus_map --read_settings_files=on --write_settings_files=off EPT_570_AP_M4_Top -c EPT_570_AP_M4_Top
Info (11104): Parallel Compilation has detected 4 hyper-threaded processors. However, the extra hyper-threaded processors will not be used by default. Parallel Compilation will use 2 of the 2 physical processors detected instead.
Info (12021): Found 1 design units, including 1 entities, in source file /jolly/business opportunities/earth people technology/ept products/ept usb-cpld development system/projects folder/megaprologic_usb_cpld_project_dvd/projects_hdl/ept_data_collector/src/eptwireor.v
    Info (12023): Found entity 1: eptWireOR
Info (12021): Found 1 design units, including 1 entities, in source file /jolly/business opportunities/earth people technology/ept products/ept usb-cpld development system/projects folder/megaprologic_usb_cpld_project_dvd/projects_hdl/ept_data_collector/src/ept_570_ap_m4_top.v
    Info (12023): Found entity 1: EPT_570_AP_M4_Top
Info (12021): Found 1 design units, including 1 entities, in source file /jolly/business opportunities/earth people technology/ept products/ept usb-cpld development system/projects folder/megaprologic_usb_cpld_project_dvd/projects_hdl/ept_data_collector/src/active_trigger.vqm
    Info (12023): Found entity 1: active_trigger
Info (12021): Found 1 design units, including 1 entities, in source file /jolly/business opportunities/earth people technology/ept products/ept usb-cpld development system/projects folder/megaprologic_usb_cpld_project_dvd/projects_hdl/ept_data_collector/src/active_transfer_library.vqm
    Info (12023): Found entity 1: active_transfer_library
Info (12021): Found 1 design units, including 1 entities, in source file /jolly/business opportunities/earth people technology/ept products/ept usb-cpld development system/projects folder/megaprologic_usb_cpld_project_dvd/projects_hdl/ept_data_collector/src/active_transfer.vqm
    Info (12023): Found entity 1: active_transfer
Info (12127): Elaborating entity "EPT_570_AP_M4_Top" for the top level hierarchy
Warning (10858): Verilog HDL warning at EPT_570_AP_M4_Top.v(109): object transfer_out_reg used but never assigned
Warning (10036): Verilog HDL or VHDL warning at EPT_570_AP_M4_Top.v(117): object "transfer_in_loop_back" assigned a value but never read
Info (10264): Verilog HDL Case Statement information at EPT_570_AP_M4_Top.v(199): all case item expressions in this case statement are onehot
Warning (10240): Verilog HDL Always Construct warning at EPT_570_AP_M4_Top.v(191): inferring latch(es) for variable "LED", which holds its previous value in one or more paths through the always construct
Warning (10030): Net "transfer_out_reg" at EPT_570_AP_M4_Top.v(109) has no driver or initial value, using a default initial value '0'
Info (10041): Inferred latch for "LED[0]" at EPT_570_AP_M4_Top.v(195)
Info (10041): Inferred latch for "LED[1]" at EPT_570_AP_M4_Top.v(195)
Info (10041): Inferred latch for "LED[2]" at EPT_570_AP_M4_Top.v(195)
Info (12128): Elaborating entity "active_transfer_library" for hierarchy "active_transfer_library:ACTIVE_TRANSFER_LIBRARY_INST"
Info (12128): Elaborating entity "eptWireOR" for hierarchy "eptWireOR:wireOR"
Info (12128): Elaborating entity "active_trigger" for hierarchy "active_trigger:ACTIVE_TRIGGER_INST"
Info (12128): Elaborating entity "active_transfer" for hierarchy "active_transfer:ACTIVE_TRANSFER_INST"
Warning (13024): Output pins are stuck at VCC or GND
    Warning (13410): Pin "bc_out[0]" is stuck at GND
    Warning (13410): Pin "LB_BYTE_A[0]" is stuck at GND
    Warning (13410): Pin "LB_BYTE_A[1]" is stuck at GND
    Warning (13410): Pin "LB_BYTE_A[2]" is stuck at GND
    Warning (13410): Pin "LB_BYTE_A[3]" is stuck at GND
    Warning (13410): Pin "LB_BYTE_A[4]" is stuck at GND
    Warning (13410): Pin "LB_BYTE_A[5]" is stuck at GND
    Warning (13410): Pin "LB_BYTE_A[6]" is stuck at GND
    Warning (13410): Pin "LB_BYTE_A[7]" is stuck at GND
    Warning (13410): Pin "TR_DIR_1" is stuck at VCC
    Warning (13410): Pin "TR_OE_1" is stuck at VCC
    Warning (13410): Pin "TR_DIR_2" is stuck at VCC
    Warning (13410): Pin "TR_OE_2" is stuck at GND
    Warning (13410): Pin "TR_DIR_3" is stuck at VCC
    Warning (13410): Pin "TR_OE_3" is stuck at GND
    Warning (13410): Pin "TR_DIR_4" is stuck at GND
Info (17049): 3 registers lost all their fanouts during netlist optimizations.
Info (17016): Found the following redundant logic cells in design
    Info (17048): Logic cell "active_transfer:ACTIVE_TRANSFER_INST|Equal0~1"
    Info (17048): Logic cell "active_transfer:ACTIVE_TRANSFER_INST|Equal0~0"
    Info (17048): Logic cell "active_transfer:ACTIVE_TRANSFER_INST|uc_out~9"
Warning (21074): Design contains 7 input pin(s) that do not drive logic
    Warning (15610): No output dependent on input pin "LB_BYTE_B[1]"
    Warning (15610): No output dependent on input pin "LB_BYTE_B[2]"
    Warning (15610): No output dependent on input pin "LB_BYTE_B[3]"
    Warning (15610): No output dependent on input pin "LB_BYTE_B[4]"
    Warning (15610): No output dependent on input pin "LB_BYTE_B[5]"
    Warning (15610): No output dependent on input pin "LB_BYTE_B[6]"
    Warning (15610): No output dependent on input pin "LB_BYTE_B[7]"
Info (21057): Implemented 365 device resources after synthesis - the final resource count might be different
    Info (21058): Implemented 22 input pins
    Info (21059): Implemented 31 output pins
    Info (21060): Implemented 8 bidirectional pins
    Info (21061): Implemented 304 logic cells
Info (144001): Generated suppressed messages file C:/Jolly/Business Opportunities/Earth People Technology/EPT Products/EPT USB-CPLD Development System/Projects Folder/MEGAPROLOGIC_USB_CPLD_PROJECT_DVD/Projects_HDL/EPT_Data_Collector/EPT_570_AP_M4_Top/EPT_570_AP_M4_Top.map.smsg
Info: Quartus II 64-Bit Analysis & Synthesis was successful. 0 errors, 29 warnings
    Info: Peak virtual memory: 474 megabytes
    Info: Processing ended: Tue Mar 24 16:39:35 2015
    Info: Elapsed time: 00:00:02
    Info: Total CPU time (on all processors): 00:00:02


+------------------------------------------+
; Analysis & Synthesis Suppressed Messages ;
+------------------------------------------+
The suppressed messages can be found in C:/Jolly/Business Opportunities/Earth People Technology/EPT Products/EPT USB-CPLD Development System/Projects Folder/MEGAPROLOGIC_USB_CPLD_PROJECT_DVD/Projects_HDL/EPT_Data_Collector/EPT_570_AP_M4_Top/EPT_570_AP_M4_Top.map.smsg.


